<?xml version="1.0" encoding="UTF-8"?>
<testsuite name="com.tierragro.runners.OutlineRunner" tests="0" skipped="0" failures="0" errors="0" timestamp="1970-01-01T00:00:00" hostname="MAGICHOME" time="0.0">
  <properties/>
  <system-out><![CDATA[
5 Scenarios (?[33m5 undefined?[0m)
15 Steps (?[36m5 skipped?[0m, ?[33m5 undefined?[0m, ?[32m5 passed?[0m)
0m39.624s


You can implement missing steps with the snippets below:

@When("^quiero conocer caracteristica de alimento para perros$")
public void quieroConocerCaracteristicaDeAlimentoParaPerros() {
    // Write code here that turns the phrase above into concrete actions
    throw new PendingException();
}


@When("^quiero conocer caracteristica de tierra mejorada$")
public void quieroConocerCaracteristicaDeTierraMejorada() {
    // Write code here that turns the phrase above into concrete actions
    throw new PendingException();
}

@When("^quiero conocer caracteristica de humus$")
public void quieroConocerCaracteristicaDeHumus() {
    // Write code here that turns the phrase above into concrete actions
    throw new PendingException();
}

@When("^quiero conocer caracteristica de alimento para gatos$")
public void quieroConocerCaracteristicaDeAlimentoParaGatos() {
    // Write code here that turns the phrase above into concrete actions
    throw new PendingException();
}

@When("^quiero conocer caracteristica de arnes gato$")
public void quieroConocerCaracteristicaDeArnesGato() {
    // Write code here that turns the phrase above into concrete actions
    throw new PendingException();
}

]]></system-out>
  <system-err><![CDATA[[Test worker] INFO net.thucydides.core.steps.ConsoleLoggingListener - Test Suite Started: consulta sobre productos de la tienda
[Test worker] INFO net.thucydides.core.steps.ConsoleLoggingListener - 
 _____ _____ ____ _____   ____ _____  _    ____ _____ _____ ____  
|_   _| ____/ ___|_   _| / ___|_   _|/ \  |  _ \_   _| ____|  _ \ 
  | | |  _| \___ \ | |   \___ \ | | / _ \ | |_) || | |  _| | | | |
  | | | |___ ___) || |    ___) || |/ ___ \|  _ < | | | |___| |_| |
  |_| |_____|____/ |_|   |____/ |_/_/   \_\_| \_\|_| |_____|____/ 
                                                                  

TEST STARTED: buscar producto alimento para perros
-------------------------------------------------------------------(consulta-sobre-productos-de-la-tienda;buscar-producto-alimento-para-perros)
]]></system-err>
</testsuite>
